[0.101s] Invoking command in '/home/dew8/Desktop/NaviGator/build/navibot': CMAKE_PREFIX_PATH=/opt/ros/foxy /usr/bin/cmake /home/dew8/Desktop/NaviGator/src/navibot -DAMENT_CMAKE_SYMLINK_INSTALL=1 -DCMAKE_INSTALL_PREFIX=/home/dew8/Desktop/NaviGator/install/navibot
[3.451s] -- The C compiler identification is GNU 9.4.0
[5.340s] -- The CXX compiler identification is GNU 9.4.0
[5.516s] -- Check for working C compiler: /usr/bin/cc
[5.856s] -- Check for working C compiler: /usr/bin/cc -- works
[5.861s] -- Detecting C compiler ABI info
[6.096s] -- Detecting C compiler ABI info - done
[6.135s] -- Detecting C compile features
[6.173s] -- Detecting C compile features - done
[6.213s] -- Check for working CXX compiler: /usr/bin/c++
[6.436s] -- Check for working CXX compiler: /usr/bin/c++ -- works
[6.439s] -- Detecting CXX compiler ABI info
[6.674s] -- Detecting CXX compiler ABI info - done
[6.693s] -- Detecting CXX compile features
[6.695s] -- Detecting CXX compile features - done
[6.895s] -- Found ament_cmake: 0.9.11 (/opt/ros/foxy/share/ament_cmake/cmake)
[7.070s] -- Found PythonInterp: /usr/bin/python3 (found suitable version "3.8.10", minimum required is "3") 
[7.071s] -- Using PYTHON_EXECUTABLE: /usr/bin/python3
[7.473s] -- Override CMake install command with custom implementation using symlinks instead of copying resources
[7.696s] -- Found ament_lint_auto: 0.9.8 (/opt/ros/foxy/share/ament_lint_auto/cmake)
[8.010s] -- Added test 'copyright' to check source files copyright and LICENSE
[8.021s] -- Added test 'flake8' to check Python code syntax and style conventions
[8.024s] -- Added test 'lint_cmake' to check CMake code style
[8.030s] -- Added test 'pep257' to check Python code against some of the style conventions in PEP 257
[8.035s] -- Added test 'xmllint' to check XML markup files
[8.055s] -- Configuring done
[8.061s] -- Generating done
[8.063s] -- Build files have been written to: /home/dew8/Desktop/NaviGator/build/navibot
[8.076s] Invoked command in '/home/dew8/Desktop/NaviGator/build/navibot' returned '0': CMAKE_PREFIX_PATH=/opt/ros/foxy /usr/bin/cmake /home/dew8/Desktop/NaviGator/src/navibot -DAMENT_CMAKE_SYMLINK_INSTALL=1 -DCMAKE_INSTALL_PREFIX=/home/dew8/Desktop/NaviGator/install/navibot
[8.085s] Invoking command in '/home/dew8/Desktop/NaviGator/build/navibot': CMAKE_PREFIX_PATH=/opt/ros/foxy /usr/bin/cmake --build /home/dew8/Desktop/NaviGator/build/navibot -- -j4 -l4
[8.205s] Invoked command in '/home/dew8/Desktop/NaviGator/build/navibot' returned '0': CMAKE_PREFIX_PATH=/opt/ros/foxy /usr/bin/cmake --build /home/dew8/Desktop/NaviGator/build/navibot -- -j4 -l4
[8.299s] Invoking command in '/home/dew8/Desktop/NaviGator/build/navibot': CMAKE_PREFIX_PATH=/opt/ros/foxy /usr/bin/cmake --install /home/dew8/Desktop/NaviGator/build/navibot
[8.320s] -- Install configuration: ""
[8.321s] -- Execute custom install script
[8.323s] -- Symlinking: /home/dew8/Desktop/NaviGator/install/navibot/share/navibot/config/empty.yaml
[8.389s] -- Symlinking: /home/dew8/Desktop/NaviGator/install/navibot/share/navibot/description/robot.urdf.xacro
[8.412s] -- Symlinking: /home/dew8/Desktop/NaviGator/install/navibot/share/navibot/launch/rsp.launch.py
[8.437s] -- Symlinking: /home/dew8/Desktop/NaviGator/install/navibot/share/navibot/worlds/empty.world
[8.461s] -- Symlinking: /home/dew8/Desktop/NaviGator/install/navibot/share/ament_index/resource_index/package_run_dependencies/navibot
[8.485s] -- Symlinking: /home/dew8/Desktop/NaviGator/install/navibot/share/ament_index/resource_index/parent_prefix_path/navibot
[8.509s] -- Symlinking: /home/dew8/Desktop/NaviGator/install/navibot/share/navibot/environment/ament_prefix_path.sh
[8.532s] -- Symlinking: /home/dew8/Desktop/NaviGator/install/navibot/share/navibot/environment/ament_prefix_path.dsv
[8.556s] -- Symlinking: /home/dew8/Desktop/NaviGator/install/navibot/share/navibot/environment/path.sh
[8.578s] -- Symlinking: /home/dew8/Desktop/NaviGator/install/navibot/share/navibot/environment/path.dsv
[8.603s] -- Symlinking: /home/dew8/Desktop/NaviGator/install/navibot/share/navibot/local_setup.bash
[8.629s] -- Symlinking: /home/dew8/Desktop/NaviGator/install/navibot/share/navibot/local_setup.sh
[8.653s] -- Symlinking: /home/dew8/Desktop/NaviGator/install/navibot/share/navibot/local_setup.zsh
[8.677s] -- Symlinking: /home/dew8/Desktop/NaviGator/install/navibot/share/navibot/local_setup.dsv
[8.702s] -- Symlinking: /home/dew8/Desktop/NaviGator/install/navibot/share/navibot/package.dsv
[8.725s] -- Symlinking: /home/dew8/Desktop/NaviGator/install/navibot/share/ament_index/resource_index/packages/navibot
[8.749s] -- Symlinking: /home/dew8/Desktop/NaviGator/install/navibot/share/navibot/cmake/navibotConfig.cmake
[8.772s] -- Symlinking: /home/dew8/Desktop/NaviGator/install/navibot/share/navibot/cmake/navibotConfig-version.cmake
[8.795s] -- Symlinking: /home/dew8/Desktop/NaviGator/install/navibot/share/navibot/package.xml
[8.822s] Invoked command in '/home/dew8/Desktop/NaviGator/build/navibot' returned '0': CMAKE_PREFIX_PATH=/opt/ros/foxy /usr/bin/cmake --install /home/dew8/Desktop/NaviGator/build/navibot
