[1.177s] DEBUG:colcon:Command line arguments: ['/usr/bin/colcon', 'build', '--symlink-install']
[1.178s] DEBUG:colcon:Parsed command line arguments: Namespace(allow_overriding=[], ament_cmake_args=None, base_paths=['.'], build_base='build', catkin_cmake_args=None, catkin_skip_building_tests=False, cmake_args=None, cmake_clean_cache=False, cmake_clean_first=False, cmake_force_configure=False, cmake_target=None, cmake_target_skip_unavailable=False, continue_on_error=False, event_handlers=None, executor='parallel', ignore_user_meta=False, install_base='install', log_base=None, log_level=None, main=<bound method BuildVerb.main of <colcon_core.verb.build.BuildVerb object at 0x7f0154b3b1c0>>, merge_install=False, metas=['./colcon.meta'], packages_above=None, packages_above_and_dependencies=None, packages_above_depth=None, packages_end=None, packages_ignore=None, packages_ignore_regex=None, packages_select=None, packages_select_build_failed=False, packages_select_by_dep=None, packages_select_regex=None, packages_select_test_failures=False, packages_skip=None, packages_skip_build_finished=False, packages_skip_by_dep=None, packages_skip_regex=None, packages_skip_test_passed=False, packages_skip_up_to=None, packages_start=None, packages_up_to=None, packages_up_to_regex=None, parallel_workers=4, paths=None, symlink_install=True, test_result_base=None, verb_extension=<colcon_core.verb.build.BuildVerb object at 0x7f0154b3b1c0>, verb_name='build', verb_parser=<colcon_defaults.argument_parser.defaults.DefaultArgumentsDecorator object at 0x7f0154b3b700>)
[1.428s] Level 1:colcon.colcon_core.package_discovery:discover_packages(colcon_meta) check parameters
[1.428s] Level 1:colcon.colcon_core.package_discovery:discover_packages(recursive) check parameters
[1.428s] Level 1:colcon.colcon_core.package_discovery:discover_packages(ignore) check parameters
[1.429s] Level 1:colcon.colcon_core.package_discovery:discover_packages(path) check parameters
[1.429s] Level 1:colcon.colcon_core.package_discovery:discover_packages(colcon_meta) discover
[1.429s] Level 1:colcon.colcon_core.package_discovery:discover_packages(recursive) discover
[1.429s] INFO:colcon.colcon_core.package_discovery:Crawling recursively for packages in '/home/dew8/Desktop/NaviGator'
[1.430s] Level 1:colcon.colcon_core.package_identification:_identify(.) by extensions ['ignore', 'ignore_ament_install']
[1.430s] Level 1:colcon.colcon_core.package_identification:_identify(.) by extension 'ignore'
[1.431s] Level 1:colcon.colcon_core.package_identification:_identify(.) by extension 'ignore_ament_install'
[1.431s] Level 1:colcon.colcon_core.package_identification:_identify(.) by extensions ['colcon_pkg']
[1.431s] Level 1:colcon.colcon_core.package_identification:_identify(.) by extension 'colcon_pkg'
[1.432s] Level 1:colcon.colcon_core.package_identification:_identify(.) by extensions ['colcon_meta']
[1.432s] Level 1:colcon.colcon_core.package_identification:_identify(.) by extension 'colcon_meta'
[1.432s] Level 1:colcon.colcon_core.package_identification:_identify(.) by extensions ['ros']
[1.432s] Level 1:colcon.colcon_core.package_identification:_identify(.) by extension 'ros'
[1.500s] Level 1:colcon.colcon_core.package_identification:_identify(.) by extensions ['cmake', 'python']
[1.501s] Level 1:colcon.colcon_core.package_identification:_identify(.) by extension 'cmake'
[1.501s] Level 1:colcon.colcon_core.package_identification:_identify(.) by extension 'python'
[1.501s] Level 1:colcon.colcon_core.package_identification:_identify(.) by extensions ['python_setup_py']
[1.502s] Level 1:colcon.colcon_core.package_identification:_identify(.) by extension 'python_setup_py'
[1.502s] Level 1:colcon.colcon_core.package_identification:_identify(build) by extensions ['ignore', 'ignore_ament_install']
[1.503s] Level 1:colcon.colcon_core.package_identification:_identify(build) by extension 'ignore'
[1.504s] Level 1:colcon.colcon_core.package_identification:_identify(build) ignored
[1.504s] Level 1:colcon.colcon_core.package_identification:_identify(install) by extensions ['ignore', 'ignore_ament_install']
[1.504s] Level 1:colcon.colcon_core.package_identification:_identify(install) by extension 'ignore'
[1.505s] Level 1:colcon.colcon_core.package_identification:_identify(install) ignored
[1.505s] Level 1:colcon.colcon_core.package_identification:_identify(log) by extensions ['ignore', 'ignore_ament_install']
[1.505s] Level 1:colcon.colcon_core.package_identification:_identify(log) by extension 'ignore'
[1.506s] Level 1:colcon.colcon_core.package_identification:_identify(log) ignored
[1.506s] Level 1:colcon.colcon_core.package_identification:_identify(src) by extensions ['ignore', 'ignore_ament_install']
[1.506s] Level 1:colcon.colcon_core.package_identification:_identify(src) by extension 'ignore'
[1.507s] Level 1:colcon.colcon_core.package_identification:_identify(src) by extension 'ignore_ament_install'
[1.507s] Level 1:colcon.colcon_core.package_identification:_identify(src) by extensions ['colcon_pkg']
[1.507s] Level 1:colcon.colcon_core.package_identification:_identify(src) by extension 'colcon_pkg'
[1.508s] Level 1:colcon.colcon_core.package_identification:_identify(src) by extensions ['colcon_meta']
[1.508s] Level 1:colcon.colcon_core.package_identification:_identify(src) by extension 'colcon_meta'
[1.508s] Level 1:colcon.colcon_core.package_identification:_identify(src) by extensions ['ros']
[1.508s] Level 1:colcon.colcon_core.package_identification:_identify(src) by extension 'ros'
[1.509s] Level 1:colcon.colcon_core.package_identification:_identify(src) by extensions ['cmake', 'python']
[1.509s] Level 1:colcon.colcon_core.package_identification:_identify(src) by extension 'cmake'
[1.509s] Level 1:colcon.colcon_core.package_identification:_identify(src) by extension 'python'
[1.510s] Level 1:colcon.colcon_core.package_identification:_identify(src) by extensions ['python_setup_py']
[1.510s] Level 1:colcon.colcon_core.package_identification:_identify(src) by extension 'python_setup_py'
[1.510s] Level 1:colcon.colcon_core.package_identification:_identify(src/navibot) by extensions ['ignore', 'ignore_ament_install']
[1.511s] Level 1:colcon.colcon_core.package_identification:_identify(src/navibot) by extension 'ignore'
[1.511s] Level 1:colcon.colcon_core.package_identification:_identify(src/navibot) by extension 'ignore_ament_install'
[1.511s] Level 1:colcon.colcon_core.package_identification:_identify(src/navibot) by extensions ['colcon_pkg']
[1.512s] Level 1:colcon.colcon_core.package_identification:_identify(src/navibot) by extension 'colcon_pkg'
[1.512s] Level 1:colcon.colcon_core.package_identification:_identify(src/navibot) by extensions ['colcon_meta']
[1.512s] Level 1:colcon.colcon_core.package_identification:_identify(src/navibot) by extension 'colcon_meta'
[1.512s] Level 1:colcon.colcon_core.package_identification:_identify(src/navibot) by extensions ['ros']
[1.513s] Level 1:colcon.colcon_core.package_identification:_identify(src/navibot) by extension 'ros'
[1.536s] DEBUG:colcon.colcon_core.package_identification:Package 'src/navibot' with type 'ros.ament_cmake' and name 'navibot'
[1.537s] Level 1:colcon.colcon_core.package_discovery:discover_packages(recursive) using defaults
[1.537s] Level 1:colcon.colcon_core.package_discovery:discover_packages(ignore) discover
[1.537s] Level 1:colcon.colcon_core.package_discovery:discover_packages(ignore) using defaults
[1.538s] Level 1:colcon.colcon_core.package_discovery:discover_packages(path) discover
[1.538s] Level 1:colcon.colcon_core.package_discovery:discover_packages(path) using defaults
[1.725s] Level 1:colcon.colcon_core.package_discovery:discover_packages(prefix_path) check parameters
[1.725s] Level 1:colcon.colcon_core.package_discovery:discover_packages(prefix_path) discover
[1.736s] DEBUG:colcon.colcon_installed_package_information.package_discovery:Found 256 installed packages in /opt/ros/foxy
[1.739s] Level 1:colcon.colcon_core.package_discovery:discover_packages(prefix_path) using defaults
[2.390s] Level 5:colcon.colcon_core.verb:set package 'navibot' build argument 'cmake_args' from command line to 'None'
[2.390s] Level 5:colcon.colcon_core.verb:set package 'navibot' build argument 'cmake_target' from command line to 'None'
[2.391s] Level 5:colcon.colcon_core.verb:set package 'navibot' build argument 'cmake_target_skip_unavailable' from command line to 'False'
[2.391s] Level 5:colcon.colcon_core.verb:set package 'navibot' build argument 'cmake_clean_cache' from command line to 'False'
[2.391s] Level 5:colcon.colcon_core.verb:set package 'navibot' build argument 'cmake_clean_first' from command line to 'False'
[2.391s] Level 5:colcon.colcon_core.verb:set package 'navibot' build argument 'cmake_force_configure' from command line to 'False'
[2.392s] Level 5:colcon.colcon_core.verb:set package 'navibot' build argument 'ament_cmake_args' from command line to 'None'
[2.392s] Level 5:colcon.colcon_core.verb:set package 'navibot' build argument 'catkin_cmake_args' from command line to 'None'
[2.392s] Level 5:colcon.colcon_core.verb:set package 'navibot' build argument 'catkin_skip_building_tests' from command line to 'False'
[2.392s] DEBUG:colcon.colcon_core.verb:Building package 'navibot' with the following arguments: {'ament_cmake_args': None, 'build_base': '/home/dew8/Desktop/NaviGator/build/navibot', 'catkin_cmake_args': None, 'catkin_skip_building_tests': False, 'cmake_args': None, 'cmake_clean_cache': False, 'cmake_clean_first': False, 'cmake_force_configure': False, 'cmake_target': None, 'cmake_target_skip_unavailable': False, 'install_base': '/home/dew8/Desktop/NaviGator/install/navibot', 'merge_install': False, 'path': '/home/dew8/Desktop/NaviGator/src/navibot', 'symlink_install': True, 'test_result_base': None}
[2.394s] INFO:colcon.colcon_core.executor:Executing jobs using 'parallel' executor
[2.401s] DEBUG:colcon.colcon_parallel_executor.executor.parallel:run_until_complete
[2.402s] INFO:colcon.colcon_ros.task.ament_cmake.build:Building ROS package in '/home/dew8/Desktop/NaviGator/src/navibot' with build type 'ament_cmake'
[2.403s] INFO:colcon.colcon_cmake.task.cmake.build:Building CMake package in '/home/dew8/Desktop/NaviGator/src/navibot'
[2.448s] INFO:colcon.colcon_core.plugin_system:Skipping extension 'colcon_core.shell.bat': Not used on non-Windows systems
[2.449s] INFO:colcon.colcon_core.shell:Skip shell extension 'powershell' for command environment: Not usable outside of PowerShell
[2.449s] DEBUG:colcon.colcon_core.shell:Skip shell extension 'dsv' for command environment
[2.505s] DEBUG:colcon.colcon_core.event_handler.log_command:Invoking command in '/home/dew8/Desktop/NaviGator/build/navibot': CMAKE_PREFIX_PATH=/opt/ros/foxy /usr/bin/cmake /home/dew8/Desktop/NaviGator/src/navibot -DAMENT_CMAKE_SYMLINK_INSTALL=1 -DCMAKE_INSTALL_PREFIX=/home/dew8/Desktop/NaviGator/install/navibot
[10.479s] DEBUG:colcon.colcon_core.event_handler.log_command:Invoked command in '/home/dew8/Desktop/NaviGator/build/navibot' returned '0': CMAKE_PREFIX_PATH=/opt/ros/foxy /usr/bin/cmake /home/dew8/Desktop/NaviGator/src/navibot -DAMENT_CMAKE_SYMLINK_INSTALL=1 -DCMAKE_INSTALL_PREFIX=/home/dew8/Desktop/NaviGator/install/navibot
[10.488s] DEBUG:colcon.colcon_core.event_handler.log_command:Invoking command in '/home/dew8/Desktop/NaviGator/build/navibot': CMAKE_PREFIX_PATH=/opt/ros/foxy /usr/bin/cmake --build /home/dew8/Desktop/NaviGator/build/navibot -- -j4 -l4
[10.608s] DEBUG:colcon.colcon_core.event_handler.log_command:Invoked command in '/home/dew8/Desktop/NaviGator/build/navibot' returned '0': CMAKE_PREFIX_PATH=/opt/ros/foxy /usr/bin/cmake --build /home/dew8/Desktop/NaviGator/build/navibot -- -j4 -l4
[10.702s] DEBUG:colcon.colcon_core.event_handler.log_command:Invoking command in '/home/dew8/Desktop/NaviGator/build/navibot': CMAKE_PREFIX_PATH=/opt/ros/foxy /usr/bin/cmake --install /home/dew8/Desktop/NaviGator/build/navibot
[11.224s] Level 1:colcon.colcon_core.environment:create_environment_scripts_only(navibot)
[11.225s] DEBUG:colcon.colcon_core.event_handler.log_command:Invoked command in '/home/dew8/Desktop/NaviGator/build/navibot' returned '0': CMAKE_PREFIX_PATH=/opt/ros/foxy /usr/bin/cmake --install /home/dew8/Desktop/NaviGator/build/navibot
[11.315s] Level 1:colcon.colcon_core.environment:checking '/home/dew8/Desktop/NaviGator/install/navibot' for CMake module files
[11.316s] Level 1:colcon.colcon_core.environment:checking '/home/dew8/Desktop/NaviGator/install/navibot' for CMake config files
[11.317s] Level 1:colcon.colcon_core.shell:create_environment_hook('navibot', 'cmake_prefix_path')
[11.320s] INFO:colcon.colcon_core.shell:Creating environment hook '/home/dew8/Desktop/NaviGator/install/navibot/share/navibot/hook/cmake_prefix_path.ps1'
[11.336s] INFO:colcon.colcon_core.shell:Creating environment descriptor '/home/dew8/Desktop/NaviGator/install/navibot/share/navibot/hook/cmake_prefix_path.dsv'
[11.344s] INFO:colcon.colcon_core.shell:Creating environment hook '/home/dew8/Desktop/NaviGator/install/navibot/share/navibot/hook/cmake_prefix_path.sh'
[11.347s] Level 1:colcon.colcon_core.environment:checking '/home/dew8/Desktop/NaviGator/install/navibot/bin'
[11.348s] Level 1:colcon.colcon_core.environment:checking '/home/dew8/Desktop/NaviGator/install/navibot/lib/pkgconfig/navibot.pc'
[11.348s] Level 1:colcon.colcon_core.environment:checking '/home/dew8/Desktop/NaviGator/install/navibot/lib/python3.8/site-packages'
[11.349s] Level 1:colcon.colcon_core.environment:checking '/home/dew8/Desktop/NaviGator/install/navibot/bin'
[11.351s] INFO:colcon.colcon_core.shell:Creating package script '/home/dew8/Desktop/NaviGator/install/navibot/share/navibot/package.ps1'
[11.355s] INFO:colcon.colcon_core.shell:Creating package descriptor '/home/dew8/Desktop/NaviGator/install/navibot/share/navibot/package.dsv'
[11.358s] INFO:colcon.colcon_core.shell:Creating package script '/home/dew8/Desktop/NaviGator/install/navibot/share/navibot/package.sh'
[11.361s] INFO:colcon.colcon_core.shell:Creating package script '/home/dew8/Desktop/NaviGator/install/navibot/share/navibot/package.bash'
[11.364s] INFO:colcon.colcon_core.shell:Creating package script '/home/dew8/Desktop/NaviGator/install/navibot/share/navibot/package.zsh'
[11.368s] Level 1:colcon.colcon_core.environment:create_file_with_runtime_dependencies(/home/dew8/Desktop/NaviGator/install/navibot/share/colcon-core/packages/navibot)
[11.431s] Level 1:colcon.colcon_core.environment:create_environment_scripts_only(navibot)
[11.435s] Level 1:colcon.colcon_core.environment:checking '/home/dew8/Desktop/NaviGator/install/navibot' for CMake module files
[11.437s] Level 1:colcon.colcon_core.environment:checking '/home/dew8/Desktop/NaviGator/install/navibot' for CMake config files
[11.438s] Level 1:colcon.colcon_core.shell:create_environment_hook('navibot', 'cmake_prefix_path')
[11.440s] INFO:colcon.colcon_core.shell:Creating environment hook '/home/dew8/Desktop/NaviGator/install/navibot/share/navibot/hook/cmake_prefix_path.ps1'
[11.442s] INFO:colcon.colcon_core.shell:Creating environment descriptor '/home/dew8/Desktop/NaviGator/install/navibot/share/navibot/hook/cmake_prefix_path.dsv'
[11.443s] INFO:colcon.colcon_core.shell:Creating environment hook '/home/dew8/Desktop/NaviGator/install/navibot/share/navibot/hook/cmake_prefix_path.sh'
[11.445s] Level 1:colcon.colcon_core.environment:checking '/home/dew8/Desktop/NaviGator/install/navibot/bin'
[11.445s] Level 1:colcon.colcon_core.environment:checking '/home/dew8/Desktop/NaviGator/install/navibot/lib/pkgconfig/navibot.pc'
[11.446s] Level 1:colcon.colcon_core.environment:checking '/home/dew8/Desktop/NaviGator/install/navibot/lib/python3.8/site-packages'
[11.447s] Level 1:colcon.colcon_core.environment:checking '/home/dew8/Desktop/NaviGator/install/navibot/bin'
[11.449s] INFO:colcon.colcon_core.shell:Creating package script '/home/dew8/Desktop/NaviGator/install/navibot/share/navibot/package.ps1'
[11.451s] INFO:colcon.colcon_core.shell:Creating package descriptor '/home/dew8/Desktop/NaviGator/install/navibot/share/navibot/package.dsv'
[11.452s] INFO:colcon.colcon_core.shell:Creating package script '/home/dew8/Desktop/NaviGator/install/navibot/share/navibot/package.sh'
[11.453s] INFO:colcon.colcon_core.shell:Creating package script '/home/dew8/Desktop/NaviGator/install/navibot/share/navibot/package.bash'
[11.455s] INFO:colcon.colcon_core.shell:Creating package script '/home/dew8/Desktop/NaviGator/install/navibot/share/navibot/package.zsh'
[11.456s] Level 1:colcon.colcon_core.environment:create_file_with_runtime_dependencies(/home/dew8/Desktop/NaviGator/install/navibot/share/colcon-core/packages/navibot)
[11.457s] DEBUG:colcon.colcon_parallel_executor.executor.parallel:closing loop
[11.457s] DEBUG:colcon.colcon_parallel_executor.executor.parallel:loop closed
[11.458s] DEBUG:colcon.colcon_parallel_executor.executor.parallel:run_until_complete finished with '0'
[11.458s] DEBUG:colcon.colcon_core.event_reactor:joining thread
[11.544s] INFO:colcon.colcon_core.plugin_system:Skipping extension 'colcon_notification.desktop_notification.terminal_notifier': Not used on non-Darwin systems
[11.545s] INFO:colcon.colcon_core.plugin_system:Skipping extension 'colcon_notification.desktop_notification.win32': Not used on non-Windows systems
[11.545s] INFO:colcon.colcon_notification.desktop_notification:Sending desktop notification using 'notify2'
[13.627s] DEBUG:colcon.colcon_core.event_reactor:joined thread
[13.629s] INFO:colcon.colcon_core.shell:Creating prefix script '/home/dew8/Desktop/NaviGator/install/local_setup.ps1'
[13.662s] INFO:colcon.colcon_core.shell:Creating prefix util module '/home/dew8/Desktop/NaviGator/install/_local_setup_util_ps1.py'
[13.673s] INFO:colcon.colcon_core.shell:Creating prefix chain script '/home/dew8/Desktop/NaviGator/install/setup.ps1'
[13.677s] INFO:colcon.colcon_core.shell:Creating prefix script '/home/dew8/Desktop/NaviGator/install/local_setup.sh'
[13.685s] INFO:colcon.colcon_core.shell:Creating prefix util module '/home/dew8/Desktop/NaviGator/install/_local_setup_util_sh.py'
[13.687s] INFO:colcon.colcon_core.shell:Creating prefix chain script '/home/dew8/Desktop/NaviGator/install/setup.sh'
[13.707s] INFO:colcon.colcon_core.shell:Creating prefix script '/home/dew8/Desktop/NaviGator/install/local_setup.bash'
[13.714s] INFO:colcon.colcon_core.shell:Creating prefix chain script '/home/dew8/Desktop/NaviGator/install/setup.bash'
[13.732s] INFO:colcon.colcon_core.shell:Creating prefix script '/home/dew8/Desktop/NaviGator/install/local_setup.zsh'
[13.749s] INFO:colcon.colcon_core.shell:Creating prefix chain script '/home/dew8/Desktop/NaviGator/install/setup.zsh'
